[       7ms] [ERROR] ./app/stories/page.tsx:366:1
Parsing ecmascript source code failed
  364 |   )
  365 | }
> 366 | </content>
      | ^
  367 | </invoke>

Expression expected @ http://localhost:3000/_next/static/chunks/node_modules_next_dist_7a8122d0._.js:3117
[       7ms] [ERROR] ./app/stories/page.tsx:366:2
Parsing ecmascript source code failed
  364 |   )
  365 | }
> 366 | </content>
      |  ^^^^^^^^^
  367 | </invoke>

Unterminated regexp literal @ http://localhost:3000/_next/static/chunks/node_modules_next_dist_7a8122d0._.js:3117
[     114ms] [LOG] [Fast Refresh] rebuilding @ http://localhost:3000/_next/static/chunks/node_modules_next_dist_7a8122d0._.js:2287
[     232ms] [INFO] %cDownload the React DevTools for a better development experience: https://react.dev/link/react-devtools font-weight:bold @ http://localhost:3000/_next/static/chunks/node_modules_next_dist_7a8122d0._.js:2287
[     283ms] [LOG] [HMR] connected @ http://localhost:3000/_next/static/chunks/node_modules_next_dist_7a8122d0._.js:2287
[     339ms] [ERROR] ./app/stories/page.tsx:366:1
Parsing ecmascript source code failed
  364 |   )
  365 | }
> 366 | </content>
      | ^
  367 | </invoke>

Expression expected @ http://localhost:3000/_next/static/chunks/node_modules_next_dist_7a8122d0._.js:3117
[     339ms] [ERROR] ./app/stories/page.tsx:366:2
Parsing ecmascript source code failed
  364 |   )
  365 | }
> 366 | </content>
      |  ^^^^^^^^^
  367 | </invoke>

Unterminated regexp literal @ http://localhost:3000/_next/static/chunks/node_modules_next_dist_7a8122d0._.js:3117
[     340ms] [ERROR] ./app/stories/page.tsx:366:1
Parsing ecmascript source code failed
  364 |   )
  365 | }
> 366 | </content>
      | ^
  367 | </invoke>

Expression expected @ http://localhost:3000/_next/static/chunks/node_modules_next_dist_7a8122d0._.js:3117
[     340ms] [ERROR] ./app/stories/page.tsx:366:2
Parsing ecmascript source code failed
  364 |   )
  365 | }
> 366 | </content>
      |  ^^^^^^^^^
  367 | </invoke>

Unterminated regexp literal @ http://localhost:3000/_next/static/chunks/node_modules_next_dist_7a8122d0._.js:3117
