[      84ms] [ERROR] ./app/stories/page.tsx:366:1
Parsing ecmascript source code failed
  364 |   )
  365 | }
> 366 | </content>
      | ^
  367 | </invoke>

Expression expected @ http://localhost:3000/_next/static/chunks/node_modules_next_dist_7a8122d0._.js:3117
[      84ms] [ERROR] ./app/stories/page.tsx:366:2
Parsing ecmascript source code failed
  364 |   )
  365 | }
> 366 | </content>
      |  ^^^^^^^^^
  367 | </invoke>

Unterminated regexp literal @ http://localhost:3000/_next/static/chunks/node_modules_next_dist_7a8122d0._.js:3117
[     188ms] [INFO] %cDownload the React DevTools for a better development experience: https://react.dev/link/react-devtools font-weight:bold @ http://localhost:3000/_next/static/chunks/node_modules_next_dist_7a8122d0._.js:2287
[     246ms] [LOG] [HMR] connected @ http://localhost:3000/_next/static/chunks/node_modules_next_dist_7a8122d0._.js:2287
[     265ms] [ERROR] ./app/stories/page.tsx:366:1
Parsing ecmascript source code failed
  364 |   )
  365 | }
> 366 | </content>
      | ^
  367 | </invoke>

Expression expected @ http://localhost:3000/_next/static/chunks/node_modules_next_dist_7a8122d0._.js:3117
[     265ms] [ERROR] ./app/stories/page.tsx:366:2
Parsing ecmascript source code failed
  364 |   )
  365 | }
> 366 | </content>
      |  ^^^^^^^^^
  367 | </invoke>

Unterminated regexp literal @ http://localhost:3000/_next/static/chunks/node_modules_next_dist_7a8122d0._.js:3117
[     265ms] [ERROR] ./app/stories/page.tsx:366:1
Parsing ecmascript source code failed
  364 |   )
  365 | }
> 366 | </content>
      | ^
  367 | </invoke>

Expression expected @ http://localhost:3000/_next/static/chunks/node_modules_next_dist_7a8122d0._.js:3117
[     265ms] [ERROR] ./app/stories/page.tsx:366:2
Parsing ecmascript source code failed
  364 |   )
  365 | }
> 366 | </content>
      |  ^^^^^^^^^
  367 | </invoke>

Unterminated regexp literal @ http://localhost:3000/_next/static/chunks/node_modules_next_dist_7a8122d0._.js:3117
[     629ms] [LOG] [Fast Refresh] rebuilding @ http://localhost:3000/_next/static/chunks/node_modules_next_dist_7a8122d0._.js:2287
[     630ms] [ERROR] ./app/stories/page.tsx:366:1
Parsing ecmascript source code failed
  364 |   )
  365 | }
> 366 | </content>
      | ^
  367 | </invoke>

Expression expected @ http://localhost:3000/_next/static/chunks/node_modules_next_dist_7a8122d0._.js:3117
[     630ms] [ERROR] ./app/stories/page.tsx:366:2
Parsing ecmascript source code failed
  364 |   )
  365 | }
> 366 | </content>
      |  ^^^^^^^^^
  367 | </invoke>

Unterminated regexp literal @ http://localhost:3000/_next/static/chunks/node_modules_next_dist_7a8122d0._.js:3117
[     704ms] [ERROR] ./app/stories/page.tsx:366:1
Parsing ecmascript source code failed
  364 |   )
  365 | }
> 366 | </content>
      | ^
  367 | </invoke>

Expression expected @ http://localhost:3000/_next/static/chunks/node_modules_next_dist_7a8122d0._.js:3117
[     704ms] [ERROR] ./app/stories/page.tsx:366:2
Parsing ecmascript source code failed
  364 |   )
  365 | }
> 366 | </content>
      |  ^^^^^^^^^
  367 | </invoke>

Unterminated regexp literal @ http://localhost:3000/_next/static/chunks/node_modules_next_dist_7a8122d0._.js:3117
[     710ms] [ERROR] ./app/stories/page.tsx:366:1
Parsing ecmascript source code failed
  364 |   )
  365 | }
> 366 | </content>
      | ^
  367 | </invoke>

Expression expected @ http://localhost:3000/_next/static/chunks/node_modules_next_dist_7a8122d0._.js:3117
[     710ms] [ERROR] ./app/stories/page.tsx:366:2
Parsing ecmascript source code failed
  364 |   )
  365 | }
> 366 | </content>
      |  ^^^^^^^^^
  367 | </invoke>

Unterminated regexp literal @ http://localhost:3000/_next/static/chunks/node_modules_next_dist_7a8122d0._.js:3117
[     726ms] [LOG] %c[Vercel Web Analytics]%c Debug mode is enabled by default in development. No requests will be sent to the server. color: rgb(120, 120, 120) color: inherit @ http://localhost:3000/_next/static/chunks/node_modules_next_dist_7a8122d0._.js:2287
[     726ms] [LOG] %c[Vercel Web Analytics]%c Running queued event color: rgb(120, 120, 120) color: inherit pageview {route: /faq, path: /faq} @ http://localhost:3000/_next/static/chunks/node_modules_next_dist_7a8122d0._.js:2287
[     726ms] [LOG] %c[Vercel Web Analytics]%c [view] http://localhost:3000/faq color: rgb(120, 120, 120) color: inherit {o: http://localhost:3000/faq, sv: 0.1.3, sdkn: @vercel/analytics/next, sdkv: 1.3.1, ts: 1776806325000} /_vercel/insights/view @ http://localhost:3000/_next/static/chunks/node_modules_next_dist_7a8122d0._.js:2287
[     781ms] [ERROR] ./app/stories/page.tsx:366:1
Parsing ecmascript source code failed
  364 |   )
  365 | }
> 366 | </content>
      | ^
  367 | </invoke>

Expression expected @ http://localhost:3000/_next/static/chunks/node_modules_next_dist_7a8122d0._.js:3117
[     781ms] [ERROR] ./app/stories/page.tsx:366:2
Parsing ecmascript source code failed
  364 |   )
  365 | }
> 366 | </content>
      |  ^^^^^^^^^
  367 | </invoke>

Unterminated regexp literal @ http://localhost:3000/_next/static/chunks/node_modules_next_dist_7a8122d0._.js:3117
[     843ms] [ERROR] ./app/stories/page.tsx:366:1
Parsing ecmascript source code failed
  364 |   )
  365 | }
> 366 | </content>
      | ^
  367 | </invoke>

Expression expected @ http://localhost:3000/_next/static/chunks/node_modules_next_dist_7a8122d0._.js:3117
[     843ms] [ERROR] ./app/stories/page.tsx:366:2
Parsing ecmascript source code failed
  364 |   )
  365 | }
> 366 | </content>
      |  ^^^^^^^^^
  367 | </invoke>

Unterminated regexp literal @ http://localhost:3000/_next/static/chunks/node_modules_next_dist_7a8122d0._.js:3117
[     910ms] [ERROR] ./app/stories/page.tsx:366:1
Parsing ecmascript source code failed
  364 |   )
  365 | }
> 366 | </content>
      | ^
  367 | </invoke>

Expression expected @ http://localhost:3000/_next/static/chunks/node_modules_next_dist_7a8122d0._.js:3117
[     910ms] [ERROR] ./app/stories/page.tsx:366:2
Parsing ecmascript source code failed
  364 |   )
  365 | }
> 366 | </content>
      |  ^^^^^^^^^
  367 | </invoke>

Unterminated regexp literal @ http://localhost:3000/_next/static/chunks/node_modules_next_dist_7a8122d0._.js:3117
[     968ms] [ERROR] ./app/stories/page.tsx:366:1
Parsing ecmascript source code failed
  364 |   )
  365 | }
> 366 | </content>
      | ^
  367 | </invoke>

Expression expected @ http://localhost:3000/_next/static/chunks/node_modules_next_dist_7a8122d0._.js:3117
[     968ms] [ERROR] ./app/stories/page.tsx:366:2
Parsing ecmascript source code failed
  364 |   )
  365 | }
> 366 | </content>
      |  ^^^^^^^^^
  367 | </invoke>

Unterminated regexp literal @ http://localhost:3000/_next/static/chunks/node_modules_next_dist_7a8122d0._.js:3117
[    1031ms] [ERROR] ./app/stories/page.tsx:366:1
Parsing ecmascript source code failed
  364 |   )
  365 | }
> 366 | </content>
      | ^
  367 | </invoke>

Expression expected @ http://localhost:3000/_next/static/chunks/node_modules_next_dist_7a8122d0._.js:3117
[    1031ms] [ERROR] ./app/stories/page.tsx:366:2
Parsing ecmascript source code failed
  364 |   )
  365 | }
> 366 | </content>
      |  ^^^^^^^^^
  367 | </invoke>

Unterminated regexp literal @ http://localhost:3000/_next/static/chunks/node_modules_next_dist_7a8122d0._.js:3117
[    1092ms] [ERROR] ./app/stories/page.tsx:366:1
Parsing ecmascript source code failed
  364 |   )
  365 | }
> 366 | </content>
      | ^
  367 | </invoke>

Expression expected @ http://localhost:3000/_next/static/chunks/node_modules_next_dist_7a8122d0._.js:3117
[    1092ms] [ERROR] ./app/stories/page.tsx:366:2
Parsing ecmascript source code failed
  364 |   )
  365 | }
> 366 | </content>
      |  ^^^^^^^^^
  367 | </invoke>

Unterminated regexp literal @ http://localhost:3000/_next/static/chunks/node_modules_next_dist_7a8122d0._.js:3117
[    1154ms] [ERROR] ./app/stories/page.tsx:366:1
Parsing ecmascript source code failed
  364 |   )
  365 | }
> 366 | </content>
      | ^
  367 | </invoke>

Expression expected @ http://localhost:3000/_next/static/chunks/node_modules_next_dist_7a8122d0._.js:3117
[    1154ms] [ERROR] ./app/stories/page.tsx:366:2
Parsing ecmascript source code failed
  364 |   )
  365 | }
> 366 | </content>
      |  ^^^^^^^^^
  367 | </invoke>

Unterminated regexp literal @ http://localhost:3000/_next/static/chunks/node_modules_next_dist_7a8122d0._.js:3117
[    1217ms] [ERROR] ./app/stories/page.tsx:366:1
Parsing ecmascript source code failed
  364 |   )
  365 | }
> 366 | </content>
      | ^
  367 | </invoke>

Expression expected @ http://localhost:3000/_next/static/chunks/node_modules_next_dist_7a8122d0._.js:3117
[    1217ms] [ERROR] ./app/stories/page.tsx:366:2
Parsing ecmascript source code failed
  364 |   )
  365 | }
> 366 | </content>
      |  ^^^^^^^^^
  367 | </invoke>

Unterminated regexp literal @ http://localhost:3000/_next/static/chunks/node_modules_next_dist_7a8122d0._.js:3117
[    1272ms] [ERROR] ./app/stories/page.tsx:366:1
Parsing ecmascript source code failed
  364 |   )
  365 | }
> 366 | </content>
      | ^
  367 | </invoke>

Expression expected @ http://localhost:3000/_next/static/chunks/node_modules_next_dist_7a8122d0._.js:3117
[    1272ms] [ERROR] ./app/stories/page.tsx:366:2
Parsing ecmascript source code failed
  364 |   )
  365 | }
> 366 | </content>
      |  ^^^^^^^^^
  367 | </invoke>

Unterminated regexp literal @ http://localhost:3000/_next/static/chunks/node_modules_next_dist_7a8122d0._.js:3117
[    1374ms] [LOG] [Fast Refresh] rebuilding @ http://localhost:3000/_next/static/chunks/node_modules_next_dist_7a8122d0._.js:2287
[    1681ms] [LOG] [Fast Refresh] done in 324ms @ http://localhost:3000/_next/static/chunks/node_modules_next_dist_7a8122d0._.js:2287
